<?xml version="1.0" encoding="UTF-8"?>
<!-- Generated by org.testng.reporters.JUnitReportReporter -->
<testsuite hostname="jagruthi" failures="0" tests="1" name="seleniumjenkins.seleniumjenkins.WebTest" time="27.657" errors="0" timestamp="2024-03-17T14:51:32 IST" skipped="0">
  <testcase classname="seleniumjenkins.seleniumjenkins.WebTest" name="startBrowser" time="27.657"/>
  <system-out/>
</testsuite> <!-- seleniumjenkins.seleniumjenkins.WebTest -->
