<?xml version="1.0" encoding="UTF-8"?>
<!-- Generated by org.testng.reporters.JUnitReportReporter -->
<testsuite hostname="jagruthi" failures="0" tests="1" name="seleniumjenkins.seleniumjenkins.WebTest" time="12.918" errors="0" timestamp="2024-03-17T16:34:59 IST" skipped="0">
  <testcase classname="seleniumjenkins.seleniumjenkins.WebTest" name="startBrowser" time="12.918"/>
  <system-out/>
</testsuite> <!-- seleniumjenkins.seleniumjenkins.WebTest -->
